03, 22, 2023 (19:52:27): Opening rpy file C:\Program Files (x86)\IBM\Rational\Rhapsody Modeler\7.5\Share\Properties\PredefinedTypes.sbs
03, 22, 2023 (19:52:27): 
 Started loading C:\Program Files (x86)\IBM\Rational\Rhapsody Modeler\7.5\Share\Properties\PredefinedTypes.sbs on Wednesday, March 22, 2023 (19:52:27).-

03, 22, 2023 (19:52:27): 

Starting inUnit resolution phase


03, 22, 2023 (19:52:27): 

Finished inUnit resolution phase


03, 22, 2023 (19:52:27): 
 Finished loading C:\Program Files (x86)\IBM\Rational\Rhapsody Modeler\7.5\Share\Properties\PredefinedTypes.sbs on Wednesday, March 22, 2023 (19:52:27).-

03, 22, 2023 (19:52:27): Opening rpy file C:\Program Files (x86)\IBM\Rational\Rhapsody Modeler\7.5\Share\Properties\PredefinedTypesC++.sbs
03, 22, 2023 (19:52:27): 
 Started loading C:\Program Files (x86)\IBM\Rational\Rhapsody Modeler\7.5\Share\Properties\PredefinedTypesC++.sbs on Wednesday, March 22, 2023 (19:52:27).-

03, 22, 2023 (19:52:27): 

Starting inUnit resolution phase


03, 22, 2023 (19:52:27): 

Finished inUnit resolution phase


03, 22, 2023 (19:52:27): 
 Finished loading C:\Program Files (x86)\IBM\Rational\Rhapsody Modeler\7.5\Share\Properties\PredefinedTypesC++.sbs on Wednesday, March 22, 2023 (19:52:27).-

03, 22, 2023 (19:52:27): Opening rpy file D:\Software Standartization\Project\Project.rpy
03, 22, 2023 (19:52:27): 
 Started loading D:\Software Standartization\Project\Project.rpy on Wednesday, March 22, 2023 (19:52:27).-

03, 22, 2023 (19:52:27): Opening rpy file D:\Software Standartization\Project\Project_rpy\RequirementsPkg.sbs
03, 22, 2023 (19:52:27): 
 Started loading D:\Software Standartization\Project\Project_rpy\RequirementsPkg.sbs on Wednesday, March 22, 2023 (19:52:27).-

03, 22, 2023 (19:52:27): 

Starting inUnit resolution phase


03, 22, 2023 (19:52:27): 

Finished inUnit resolution phase


03, 22, 2023 (19:52:27): 
 Finished loading D:\Software Standartization\Project\Project_rpy\RequirementsPkg.sbs on Wednesday, March 22, 2023 (19:52:27).-

03, 22, 2023 (19:52:27): Opening rpy file D:\Software Standartization\Project\Project_rpy\AnalysisPkg.sbs
03, 22, 2023 (19:52:27): 
 Started loading D:\Software Standartization\Project\Project_rpy\AnalysisPkg.sbs on Wednesday, March 22, 2023 (19:52:27).-

03, 22, 2023 (19:52:27): 

Starting inUnit resolution phase


03, 22, 2023 (19:52:27): 

Finished inUnit resolution phase


03, 22, 2023 (19:52:27): 
 Finished loading D:\Software Standartization\Project\Project_rpy\AnalysisPkg.sbs on Wednesday, March 22, 2023 (19:52:27).-

03, 22, 2023 (19:52:27): Opening rpy file D:\Software Standartization\Project\Project_rpy\ArchitecturePkg.sbs
03, 22, 2023 (19:52:27): 
 Started loading D:\Software Standartization\Project\Project_rpy\ArchitecturePkg.sbs on Wednesday, March 22, 2023 (19:52:27).-

03, 22, 2023 (19:52:27): 

Starting inUnit resolution phase


03, 22, 2023 (19:52:27): 

Finished inUnit resolution phase


03, 22, 2023 (19:52:27): 
 Finished loading D:\Software Standartization\Project\Project_rpy\ArchitecturePkg.sbs on Wednesday, March 22, 2023 (19:52:27).-

03, 22, 2023 (19:52:27): Opening rpy file D:\Software Standartization\Project\Project_rpy\SubsystemsPkg.sbs
03, 22, 2023 (19:52:27): 
 Started loading D:\Software Standartization\Project\Project_rpy\SubsystemsPkg.sbs on Wednesday, March 22, 2023 (19:52:27).-

03, 22, 2023 (19:52:27): Opening rpy file D:\Software Standartization\Project\Project_rpy\CM_SubsystemPkg.sbs
03, 22, 2023 (19:52:27): 
 Started loading D:\Software Standartization\Project\Project_rpy\CM_SubsystemPkg.sbs on Wednesday, March 22, 2023 (19:52:27).-

03, 22, 2023 (19:52:27): 

Starting inUnit resolution phase


03, 22, 2023 (19:52:27): 

Finished inUnit resolution phase


03, 22, 2023 (19:52:27): 
 Finished loading D:\Software Standartization\Project\Project_rpy\CM_SubsystemPkg.sbs on Wednesday, March 22, 2023 (19:52:27).-

03, 22, 2023 (19:52:27): Opening rpy file D:\Software Standartization\Project\Project_rpy\DL_SubsystemPkg.sbs
03, 22, 2023 (19:52:27): 
 Started loading D:\Software Standartization\Project\Project_rpy\DL_SubsystemPkg.sbs on Wednesday, March 22, 2023 (19:52:27).-

03, 22, 2023 (19:52:27): 

Starting inUnit resolution phase


03, 22, 2023 (19:52:27): 

Finished inUnit resolution phase


03, 22, 2023 (19:52:27): 
 Finished loading D:\Software Standartization\Project\Project_rpy\DL_SubsystemPkg.sbs on Wednesday, March 22, 2023 (19:52:27).-

03, 22, 2023 (19:52:27): Opening rpy file D:\Software Standartization\Project\Project_rpy\MM_SubsystemPkg.sbs
03, 22, 2023 (19:52:27): 
 Started loading D:\Software Standartization\Project\Project_rpy\MM_SubsystemPkg.sbs on Wednesday, March 22, 2023 (19:52:27).-

03, 22, 2023 (19:52:28): 

Starting inUnit resolution phase


03, 22, 2023 (19:52:28): 

Finished inUnit resolution phase


03, 22, 2023 (19:52:28): 
 Finished loading D:\Software Standartization\Project\Project_rpy\MM_SubsystemPkg.sbs on Wednesday, March 22, 2023 (19:52:28).-

03, 22, 2023 (19:52:28): 

Starting inUnit resolution phase


03, 22, 2023 (19:52:28): 

Finished inUnit resolution phase


03, 22, 2023 (19:52:28): 
 Finished loading D:\Software Standartization\Project\Project_rpy\SubsystemsPkg.sbs on Wednesday, March 22, 2023 (19:52:28).-

03, 22, 2023 (19:52:28): Opening rpy file D:\Software Standartization\Project\Project_rpy\DefaultComponent.cmp
03, 22, 2023 (19:52:28): 
 Started loading D:\Software Standartization\Project\Project_rpy\DefaultComponent.cmp on Wednesday, March 22, 2023 (19:52:28).-

03, 22, 2023 (19:52:28): 

Starting inUnit resolution phase


03, 22, 2023 (19:52:28): 

Finished inUnit resolution phase


03, 22, 2023 (19:52:28): 
 Finished loading D:\Software Standartization\Project\Project_rpy\DefaultComponent.cmp on Wednesday, March 22, 2023 (19:52:28).-

03, 22, 2023 (19:52:28): 

Starting inUnit resolution phase


03, 22, 2023 (19:52:28): 

Finished inUnit resolution phase


03, 22, 2023 (19:52:28): 

Starting inUnit resolution phase


03, 22, 2023 (19:52:28): 

Finished inUnit resolution phase


03, 22, 2023 (19:52:28): 

Starting inUnit resolution phase


03, 22, 2023 (19:52:28): 

Finished inUnit resolution phase


03, 22, 2023 (19:52:28): 
 Finished loading D:\Software Standartization\Project\Project.rpy on Wednesday, March 22, 2023 (19:52:28).-

03, 22, 2023 (19:52:28): Starting checks of EventsBaseID conflicts
03, 22, 2023 (19:52:28): Finished checks of EventsBaseID conflicts
03, 22, 2023 (19:52:28): End Log
