03, 06, 2023 (23:55:11): Starting Pre-Save actions

03, 06, 2023 (23:55:11): Starting Dialogs Check/Save
03, 06, 2023 (23:55:11): Finished Dialogs Check/Save
03, 06, 2023 (23:55:11): Starting Controlled Files Resolution
03, 06, 2023 (23:55:11): Finished Controlled Files Resolution
03, 06, 2023 (23:55:11): Finished Pre-Save actions

03, 06, 2023 (23:55:11): Creating D:\Software Standartization\Project\Project.rpy
03, 06, 2023 (23:55:11): 
Started writing D:\Software Standartization\Project\Project.rpy on Monday, March 06, 2023 (23:55:11)

03, 06, 2023 (23:55:11): version 8.5.2
03, 06, 2023 (23:55:11): 
Started writing D:\Software Standartization\Project\Project_rpy\filesTable.dat on Monday, March 06, 2023 (23:55:11)

03, 06, 2023 (23:55:11): Finished writing D:\Software Standartization\Project\Project_rpy\filesTable.dat on Monday, March 06, 2023 (23:55:11)

03, 06, 2023 (23:55:11): Creating D:\Software Standartization\Project\Project_rpy\AnalysisPkg.sbs
03, 06, 2023 (23:55:11): 
Started writing D:\Software Standartization\Project\Project_rpy\AnalysisPkg.sbs on Monday, March 06, 2023 (23:55:11)

03, 06, 2023 (23:55:11): version 8.5.2
03, 06, 2023 (23:55:11): Finished writing D:\Software Standartization\Project\Project_rpy\AnalysisPkg.sbs on Monday, March 06, 2023 (23:55:11)

03, 06, 2023 (23:55:11): Creating D:\Software Standartization\Project\Project_rpy\ArchitecturePkg.sbs
03, 06, 2023 (23:55:11): 
Started writing D:\Software Standartization\Project\Project_rpy\ArchitecturePkg.sbs on Monday, March 06, 2023 (23:55:11)

03, 06, 2023 (23:55:11): version 8.5.2
03, 06, 2023 (23:55:11): Finished writing D:\Software Standartization\Project\Project_rpy\ArchitecturePkg.sbs on Monday, March 06, 2023 (23:55:11)

03, 06, 2023 (23:55:11): Creating D:\Software Standartization\Project\Project_rpy\SubsystemsPkg.sbs
03, 06, 2023 (23:55:11): 
Started writing D:\Software Standartization\Project\Project_rpy\SubsystemsPkg.sbs on Monday, March 06, 2023 (23:55:11)

03, 06, 2023 (23:55:11): version 8.5.2
03, 06, 2023 (23:55:11): Creating D:\Software Standartization\Project\Project_rpy\CM_SubsystemPkg.sbs
03, 06, 2023 (23:55:11): 
Started writing D:\Software Standartization\Project\Project_rpy\CM_SubsystemPkg.sbs on Monday, March 06, 2023 (23:55:11)

03, 06, 2023 (23:55:11): version 8.5.2
03, 06, 2023 (23:55:11): Finished writing D:\Software Standartization\Project\Project_rpy\CM_SubsystemPkg.sbs on Monday, March 06, 2023 (23:55:11)

03, 06, 2023 (23:55:11): Creating D:\Software Standartization\Project\Project_rpy\DL_SubsystemPkg.sbs
03, 06, 2023 (23:55:11): 
Started writing D:\Software Standartization\Project\Project_rpy\DL_SubsystemPkg.sbs on Monday, March 06, 2023 (23:55:11)

03, 06, 2023 (23:55:11): version 8.5.2
03, 06, 2023 (23:55:11): Finished writing D:\Software Standartization\Project\Project_rpy\DL_SubsystemPkg.sbs on Monday, March 06, 2023 (23:55:11)

03, 06, 2023 (23:55:11): Creating D:\Software Standartization\Project\Project_rpy\MM_SubsystemPkg.sbs
03, 06, 2023 (23:55:11): 
Started writing D:\Software Standartization\Project\Project_rpy\MM_SubsystemPkg.sbs on Monday, March 06, 2023 (23:55:11)

03, 06, 2023 (23:55:11): version 8.5.2
03, 06, 2023 (23:55:11): Finished writing D:\Software Standartization\Project\Project_rpy\MM_SubsystemPkg.sbs on Monday, March 06, 2023 (23:55:11)

03, 06, 2023 (23:55:11): Finished writing D:\Software Standartization\Project\Project_rpy\SubsystemsPkg.sbs on Monday, March 06, 2023 (23:55:11)

03, 06, 2023 (23:55:11): Finished writing D:\Software Standartization\Project\Project.rpy on Monday, March 06, 2023 (23:55:11)

03, 06, 2023 (23:55:11): End Log
